5298 4103 38
78577663 83648 35
482257750 4949 13
46718080 067059 57
968 1062658 82
646242521 419 39
847282202 0000000 50
5990 6 87
42981 7206583825 43
1584967 804 36
345375 7236 71
448807 8727811 36
0000000 0015024671 28
5990 2643165445 51
22896 419391644 58
8202301 74146963 68
04936 419 38
4936 4936 96
0000000 13852 82
819510038 004936 62
572229 3 67
12377619 582557 18
6701806764 7236 70
00000000 449 85
7221377608 73361 25
968 439 96
966584 0460670 94
92 76 58
0000000 5769554317 96
469803847 4 41
88 783751819 59
88 8727811 62
3410946 1415338919 30
04936 15760156 98
1826617 1446343 59
2219505634 449 8
00000 7206583825 57
50863610 8693262 94
81211 4965564 95
88 195 91
63 6430781881 24
536 68944 0
88 861616 64
847282202 91210683 41
88 9238 0
1971504 166212894 96
3579289 804 65
0000000000 1062658 90
42981 73144528 56
0956 9281827717 33
345375 627571795 88
44 887389298 94
690615 13852 10
000000000 7206583825 87
0 887389298 2
625728708 6520 38
847282202 627571795 71
4336297183 546 3
04987 919693564 33
690615 419391644 12
619691 04936 42
2087277758 1 7
004936 546 75
22402021 810 91
5990 83648 13
896208317 986882 22
0000000 6430781881 53
00000000 0000 54
78577663 04936 15
00000 1446343 27
9650 143174435 41
469803847 83648 92
156334405 9 3
5 0000000 51
92 986882 55
8202301 4949 90
625728708 861616 43
78577663 4103 25
561369722 627571795 22
65 742199 34
22896 96568482 90
5 0000000000 66
3900900575 9238 76
1563324 4949 59
0376015527 9238 70
1584967 6520 82
2087277758 449 35
6 804 77
896208317 6435481 0
7164 804 14
9650 91210683 99
0000000 01 93
0000 804 72
000 000000000 69
345375 4936 51
536 16 2
6 546 48
3410946 74146963 92
6701806764 00000 41
63 8693262 37
